<?xml version="1.0" encoding="UTF-8"?>
<!-- Generated by org.testng.reporters.JUnitXMLReporter -->
<testsuite hostname="DESKTOP-RT1RM8J" ignored="0" name="TestOnOSx" tests="3" failures="1" timestamp="2022-01-08T01:00:57 IST" time="67.589" errors="0">
  <testcase name="login" time="7.394" classname="com.learnautomation.testcases.UserCreateTest"/>
  <testcase name="createUser" time="43.108" classname="com.learnautomation.testcases.UserCreateTest">
    <failure type="java.lang.ClassCastException" message="com.google.common.collect.Maps$TransformedEntriesMap cannot be cast to org.openqa.selenium.WebElement">
      <![CDATA[java.lang.ClassCastException: com.google.common.collect.Maps$TransformedEntriesMap cannot be cast to org.openqa.selenium.WebElement
at org.openqa.selenium.remote.ElementLocation$ElementFinder$2.findElement(ElementLocation.java:163)
at org.openqa.selenium.remote.ElementLocation.findElement(ElementLocation.java:60)
at org.openqa.selenium.remote.RemoteWebDriver.findElement(RemoteWebDriver.java:383)
at org.openqa.selenium.remote.RemoteWebDriver.findElement(RemoteWebDriver.java:375)
at org.openqa.selenium.support.ui.ExpectedConditions$7.apply(ExpectedConditions.java:197)
at org.openqa.selenium.support.ui.ExpectedConditions$7.apply(ExpectedConditions.java:193)
at org.openqa.selenium.support.ui.ExpectedConditions$22.apply(ExpectedConditions.java:631)
at org.openqa.selenium.support.ui.ExpectedConditions$22.apply(ExpectedConditions.java:628)
at org.openqa.selenium.support.ui.FluentWait.until(FluentWait.java:208)
at com.learnautomation.pages.AdminPage.isSuccessMsgDisplayed(AdminPage.java:65)
at com.learnautomation.testcases.UserCreateTest.createUser(UserCreateTest.java:50)
at java.util.ArrayList.forEach(ArrayList.java:1257)
at java.util.concurrent.FutureTask.run(FutureTask.java:266)
at java.util.concurrent.ThreadPoolExecutor.runWorker(ThreadPoolExecutor.java:1149)
at java.util.concurrent.ThreadPoolExecutor$Worker.run(ThreadPoolExecutor.java:624)
at java.lang.Thread.run(Thread.java:748)
... Removed 18 stack frames]]>
    </failure>
  </testcase> <!-- createUser -->
  <testcase name="logOutApplication" time="1.482" classname="com.learnautomation.testcases.UserCreateTest"/>
</testsuite> <!-- TestOnOSx -->
